[debug] [2025-03-05T07:19:54.171Z] ----------------------------------------------------------------------
[debug] [2025-03-05T07:19:54.174Z] Command:       C:\Program Files\nodejs\node.exe C:\Users\Vismaya\AppData\Roaming\npm\node_modules\firebase-tools\lib\bin\firebase.js apps:create android x (android) --package-name=com.example.x --json --project=sign-in-ca8ba
[debug] [2025-03-05T07:19:54.174Z] CLI Version:   13.32.0
[debug] [2025-03-05T07:19:54.174Z] Platform:      win32
[debug] [2025-03-05T07:19:54.174Z] Node Version:  v23.9.0
[debug] [2025-03-05T07:19:54.175Z] Time:          Wed Mar 05 2025 12:49:54 GMT+0530 (India Standard Time)
[debug] [2025-03-05T07:19:54.175Z] ----------------------------------------------------------------------
[debug] 
[debug] [2025-03-05T07:19:54.180Z] > command requires scopes: ["email","openid","https://www.googleapis.com/auth/cloudplatformprojects.readonly","https://www.googleapis.com/auth/firebase","https://www.googleapis.com/auth/cloud-platform"]
[debug] [2025-03-05T07:19:54.181Z] > authorizing via signed-in user (kmvismayagauri2003@gmail.com)
[info] Create your ANDROID app in project sign-in-ca8ba:
[debug] [2025-03-05T07:19:54.185Z] Checked if tokens are valid: true, expires at: 1741162693132
[debug] [2025-03-05T07:19:54.186Z] Checked if tokens are valid: true, expires at: 1741162693132
[debug] [2025-03-05T07:19:54.187Z] >>> [apiv2][query] POST https://firebase.googleapis.com/v1beta1/projects/sign-in-ca8ba/androidApps [none]
[debug] [2025-03-05T07:19:54.187Z] >>> [apiv2][body] POST https://firebase.googleapis.com/v1beta1/projects/sign-in-ca8ba/androidApps {"displayName":"x (android)","packageName":"com.example.x"}
[debug] [2025-03-05T07:19:56.569Z] <<< [apiv2][status] POST https://firebase.googleapis.com/v1beta1/projects/sign-in-ca8ba/androidApps 200
[debug] [2025-03-05T07:19:56.570Z] <<< [apiv2][body] POST https://firebase.googleapis.com/v1beta1/projects/sign-in-ca8ba/androidApps {"name":"operations/workflows/ZDhlMGUzOWItYThhMS00ODIzLWI4MGItYTU0YjBiYjAwNjNl"}
[debug] [2025-03-05T07:19:56.571Z] Checked if tokens are valid: true, expires at: 1741162693132
[debug] [2025-03-05T07:19:56.571Z] Checked if tokens are valid: true, expires at: 1741162693132
[debug] [2025-03-05T07:19:56.572Z] >>> [apiv2][query] GET https://firebase.googleapis.com/v1beta1/operations/workflows/ZDhlMGUzOWItYThhMS00ODIzLWI4MGItYTU0YjBiYjAwNjNl [none]
[debug] [2025-03-05T07:19:57.222Z] <<< [apiv2][status] GET https://firebase.googleapis.com/v1beta1/operations/workflows/ZDhlMGUzOWItYThhMS00ODIzLWI4MGItYTU0YjBiYjAwNjNl 200
[debug] [2025-03-05T07:19:57.222Z] <<< [apiv2][body] GET https://firebase.googleapis.com/v1beta1/operations/workflows/ZDhlMGUzOWItYThhMS00ODIzLWI4MGItYTU0YjBiYjAwNjNl {"name":"operations/workflows/ZDhlMGUzOWItYThhMS00ODIzLWI4MGItYTU0YjBiYjAwNjNl"}
[debug] [2025-03-05T07:19:57.729Z] [Create Android app Poller] Retrying task index 0
[debug] [2025-03-05T07:19:57.730Z] Checked if tokens are valid: true, expires at: 1741162693132
[debug] [2025-03-05T07:19:57.730Z] Checked if tokens are valid: true, expires at: 1741162693132
[debug] [2025-03-05T07:19:57.730Z] >>> [apiv2][query] GET https://firebase.googleapis.com/v1beta1/operations/workflows/ZDhlMGUzOWItYThhMS00ODIzLWI4MGItYTU0YjBiYjAwNjNl [none]
[debug] [2025-03-05T07:19:59.364Z] <<< [apiv2][status] GET https://firebase.googleapis.com/v1beta1/operations/workflows/ZDhlMGUzOWItYThhMS00ODIzLWI4MGItYTU0YjBiYjAwNjNl 200
[debug] [2025-03-05T07:19:59.364Z] <<< [apiv2][body] GET https://firebase.googleapis.com/v1beta1/operations/workflows/ZDhlMGUzOWItYThhMS00ODIzLWI4MGItYTU0YjBiYjAwNjNl {"name":"operations/workflows/ZDhlMGUzOWItYThhMS00ODIzLWI4MGItYTU0YjBiYjAwNjNl"}
[debug] [2025-03-05T07:20:00.377Z] [Create Android app Poller] Retrying task index 0
[debug] [2025-03-05T07:20:00.379Z] Checked if tokens are valid: true, expires at: 1741162693132
[debug] [2025-03-05T07:20:00.379Z] Checked if tokens are valid: true, expires at: 1741162693132
[debug] [2025-03-05T07:20:00.380Z] >>> [apiv2][query] GET https://firebase.googleapis.com/v1beta1/operations/workflows/ZDhlMGUzOWItYThhMS00ODIzLWI4MGItYTU0YjBiYjAwNjNl [none]
[debug] [2025-03-05T07:20:00.800Z] <<< [apiv2][status] GET https://firebase.googleapis.com/v1beta1/operations/workflows/ZDhlMGUzOWItYThhMS00ODIzLWI4MGItYTU0YjBiYjAwNjNl 200
[debug] [2025-03-05T07:20:00.800Z] <<< [apiv2][body] GET https://firebase.googleapis.com/v1beta1/operations/workflows/ZDhlMGUzOWItYThhMS00ODIzLWI4MGItYTU0YjBiYjAwNjNl {"name":"operations/workflows/ZDhlMGUzOWItYThhMS00ODIzLWI4MGItYTU0YjBiYjAwNjNl","done":true,"response":{"@type":"type.googleapis.com/google.firebase.service.v1beta1.AndroidApp","name":"projects/sign-in-ca8ba/androidApps/1:549105286648:android:b901eaf5ea34cd36c72a0d","appId":"1:549105286648:android:b901eaf5ea34cd36c72a0d","displayName":"x (android)","projectId":"sign-in-ca8ba","packageName":"com.example.x","apiKeyId":"e4d49084-9221-4637-b678-b6463ed487c8","state":"ACTIVE","expireTime":"1970-01-01T00:00:00Z","etag":"1_e2916b5f-1c00-41fd-b0c1-300aa4a2c272"}}
[info] 
[info] 🎉🎉🎉 Your Firebase ANDROID App is ready! 🎉🎉🎉
[info] 
[info] App information:
[info]   - App ID: 1:549105286648:android:b901eaf5ea34cd36c72a0d
[info]   - Display name: x (android)
[info]   - Package name: com.example.x
[info] 
[info] You can run this command to print out your new app's Google Services config:
[info]   firebase apps:sdkconfig ANDROID 1:549105286648:android:b901eaf5ea34cd36c72a0d
[debug] [2025-03-05T07:20:10.820Z] Error: Timed out.
    at Timeout._onTimeout (C:\Users\Vismaya\AppData\Roaming\npm\node_modules\firebase-tools\lib\utils.js:269:49)
    at listOnTimeout (node:internal/timers:614:17)
    at process.processTimers (node:internal/timers:549:7)
[error] 
[error] Error: An unexpected error has occurred.
